2023-05-30 17:16:33,029 INFO c.m.u.Log [main] =====================================Login test TEST START=========================================
2023-05-30 17:16:33,098 INFO c.m.u.Log [main] user is going to click on sign in
2023-05-30 17:16:36,948 INFO c.m.u.Log [main] Enter username and password
2023-05-30 17:17:08,279 INFO c.m.u.Log [main] Verifying if user is able to login
2023-05-30 17:17:08,289 INFO c.m.u.Log [main] Login is success
2023-05-30 17:17:08,290 INFO c.m.u.Log [main] =====================================Login test TEST END=========================================
2023-05-30 18:16:15,149 INFO c.m.u.Log [main] =====================================Login test TEST START=========================================
2023-05-30 18:16:15,247 INFO c.m.u.Log [main] user is going to click on sign in
2023-05-30 18:16:18,109 INFO c.m.u.Log [main] Enter username and password
2023-05-30 18:16:33,133 INFO c.m.u.Log [main] Verifying if user is able to login
2023-05-30 18:16:33,162 INFO c.m.u.Log [main] Login is success
2023-05-30 18:16:33,163 INFO c.m.u.Log [main] =====================================Login test TEST END=========================================
2023-05-30 18:18:35,270 INFO c.m.u.Log [main] =====================================Login test TEST START=========================================
2023-05-30 18:18:35,354 INFO c.m.u.Log [main] user is going to click on sign in
2023-05-30 18:18:38,018 INFO c.m.u.Log [main] Enter username and password
2023-05-30 18:18:52,963 INFO c.m.u.Log [main] Verifying if user is able to login
2023-05-30 18:18:53,002 INFO c.m.u.Log [main] Login is success
2023-05-30 18:18:53,003 INFO c.m.u.Log [main] =====================================Login test TEST END=========================================
2023-05-30 18:31:19,324 INFO c.m.u.Log [main] =====================================Login test TEST START=========================================
2023-05-30 18:31:19,569 INFO c.m.u.Log [main] user is going to click on sign in
2023-05-30 18:31:22,102 INFO c.m.u.Log [main] Enter username and password
2023-05-30 18:31:37,006 INFO c.m.u.Log [main] Verifying if user is able to login
2023-05-30 18:31:37,016 INFO c.m.u.Log [main] Login is success
2023-05-30 18:31:37,017 INFO c.m.u.Log [main] =====================================Login test TEST END=========================================
2023-05-30 18:31:50,480 INFO c.m.u.Log [main] =====================================Verify Account Creation test TEST START=========================================
2023-05-30 18:31:50,532 INFO c.m.u.Log [main] User is going to click on SignIn link
2023-05-30 18:31:57,609 INFO c.m.u.Log [main] User is going to enter email Id
2023-05-30 18:32:07,503 INFO c.m.u.Log [main] =====================================Verify Account Creation Test TEST END=========================================
2023-05-30 18:32:21,982 INFO c.m.u.Log [main] =====================================Verifying Logo TEST START=========================================
2023-05-30 18:32:22,379 INFO c.m.u.Log [main] Logo is verified
2023-05-30 18:32:22,379 INFO c.m.u.Log [main] =====================================Verifying Logo Test TEST END=========================================
2023-05-30 18:32:36,467 INFO c.m.u.Log [main] =====================================Verify Title TEST START=========================================
2023-05-30 18:32:36,499 INFO c.m.u.Log [main] Title is verified
2023-05-30 18:32:36,500 INFO c.m.u.Log [main] =====================================Verify Title TEST END=========================================
2023-06-07 12:32:20,905 INFO c.m.u.Log [main] =====================================Login test TEST START=========================================
2023-06-07 12:32:20,957 INFO c.m.u.Log [main] user is going to click on sign in
2023-06-07 12:32:23,118 INFO c.m.u.Log [main] Enter username and password
2023-06-07 12:32:37,386 INFO c.m.u.Log [main] Verifying if user is able to login
2023-06-07 12:32:37,397 INFO c.m.u.Log [main] Login is success
2023-06-07 12:32:37,397 INFO c.m.u.Log [main] =====================================Login test TEST END=========================================
2023-06-07 12:59:27,734 INFO c.m.u.Log [main] =====================================Login test TEST START=========================================
2023-06-07 12:59:27,909 INFO c.m.u.Log [main] user is going to click on sign in
2023-06-07 12:59:30,217 INFO c.m.u.Log [main] Enter username and password
2023-06-07 12:59:44,916 INFO c.m.u.Log [main] Verifying if user is able to login
2023-06-07 12:59:44,937 INFO c.m.u.Log [main] Login is success
2023-06-07 12:59:44,938 INFO c.m.u.Log [main] =====================================Login test TEST END=========================================
2023-06-07 12:59:58,928 INFO c.m.u.Log [main] =====================================Login test TEST START=========================================
2023-06-07 12:59:58,938 INFO c.m.u.Log [main] user is going to click on sign in
2023-06-07 13:00:01,088 INFO c.m.u.Log [main] Enter username and password
2023-06-07 13:00:15,073 INFO c.m.u.Log [main] Verifying if user is able to login
2023-06-07 13:02:35,038 INFO c.m.u.Log [main] =====================================Verifying Logo TEST START=========================================
2023-06-07 13:02:35,595 INFO c.m.u.Log [main] Logo is verified
2023-06-07 13:02:35,598 INFO c.m.u.Log [main] =====================================Verifying Logo Test TEST END=========================================
2023-06-07 13:02:50,090 INFO c.m.u.Log [main] =====================================Verify Title TEST START=========================================
2023-06-07 13:02:50,154 INFO c.m.u.Log [main] Title is verified
2023-06-07 13:02:50,154 INFO c.m.u.Log [main] =====================================Verify Title TEST END=========================================
2023-06-07 13:13:23,103 INFO c.m.u.Log [main] =====================================Verify Account Creation test TEST START=========================================
2023-06-07 13:13:23,232 INFO c.m.u.Log [main] User is going to click on SignIn link
2023-06-07 13:13:32,120 INFO c.m.u.Log [main] User is going to enter email Id
2023-06-07 13:13:42,849 INFO c.m.u.Log [main] =====================================Verify Account Creation Test TEST END=========================================
2023-06-07 13:15:25,501 INFO c.m.u.Log [main] =====================================Verify Account Creation test TEST START=========================================
2023-06-07 13:15:25,625 INFO c.m.u.Log [main] User is going to click on SignIn link
2023-06-07 13:15:26,950 INFO c.m.u.Log [main] =====================================Verify Account Creation test TEST START=========================================
2023-06-07 13:15:27,356 INFO c.m.u.Log [main] User is going to click on SignIn link
2023-06-07 13:15:35,734 INFO c.m.u.Log [main] User is going to enter email Id
2023-06-07 13:15:37,272 INFO c.m.u.Log [main] User is going to enter email Id
2023-06-07 13:15:45,398 INFO c.m.u.Log [main] =====================================Verify Account Creation Test TEST END=========================================
2023-06-07 13:15:48,611 INFO c.m.u.Log [main] =====================================Verify Account Creation Test TEST END=========================================
2023-06-07 13:29:26,418 INFO c.m.u.Log [main] =====================================Login test TEST START=========================================
2023-06-07 13:29:26,467 INFO c.m.u.Log [main] user is going to click on sign in
2023-06-07 13:29:28,504 INFO c.m.u.Log [main] Enter username and password
2023-06-07 13:29:43,362 INFO c.m.u.Log [main] Verifying if user is able to login
2023-06-07 13:29:43,375 INFO c.m.u.Log [main] Login is success
2023-06-07 13:29:43,376 INFO c.m.u.Log [main] =====================================Login test TEST END=========================================
2023-06-07 13:29:59,465 INFO c.m.u.Log [main] =====================================Login test TEST START=========================================
2023-06-07 13:29:59,468 INFO c.m.u.Log [main] user is going to click on sign in
2023-06-07 13:30:02,153 INFO c.m.u.Log [main] Enter username and password
2023-06-07 13:30:16,264 INFO c.m.u.Log [main] Verifying if user is able to login
2023-06-07 13:30:37,478 INFO c.m.u.Log [main] =====================================Verifying Logo TEST START=========================================
2023-06-07 13:30:37,629 INFO c.m.u.Log [main] Logo is verified
2023-06-07 13:30:37,629 INFO c.m.u.Log [main] =====================================Verifying Logo Test TEST END=========================================
2023-06-07 13:30:53,177 INFO c.m.u.Log [main] =====================================Verify Title TEST START=========================================
2023-06-07 13:30:53,201 INFO c.m.u.Log [main] Title is verified
2023-06-07 13:30:53,202 INFO c.m.u.Log [main] =====================================Verify Title TEST END=========================================
2023-06-07 13:33:38,091 INFO c.m.u.Log [main] =====================================Login test TEST START=========================================
2023-06-07 13:33:38,268 INFO c.m.u.Log [main] user is going to click on sign in
2023-06-07 13:33:40,880 INFO c.m.u.Log [main] Enter username and password
2023-06-07 13:33:55,976 INFO c.m.u.Log [main] Verifying if user is able to login
2023-06-07 13:33:55,998 INFO c.m.u.Log [main] Login is success
2023-06-07 13:33:56,000 INFO c.m.u.Log [main] =====================================Login test TEST END=========================================
2023-06-07 13:34:10,982 INFO c.m.u.Log [main] =====================================Login test TEST START=========================================
2023-06-07 13:34:10,986 INFO c.m.u.Log [main] user is going to click on sign in
2023-06-07 13:34:13,730 INFO c.m.u.Log [main] Enter username and password
2023-06-07 13:34:28,244 INFO c.m.u.Log [main] Verifying if user is able to login
2023-06-07 13:34:43,216 INFO c.m.u.Log [main] =====================================Verifying Logo TEST START=========================================
2023-06-07 13:34:43,653 INFO c.m.u.Log [main] Logo is verified
2023-06-07 13:34:43,654 INFO c.m.u.Log [main] =====================================Verifying Logo Test TEST END=========================================
2023-06-07 13:37:08,060 INFO c.m.u.Log [main] =====================================Verifying Logo TEST START=========================================
2023-06-07 13:37:08,658 INFO c.m.u.Log [main] Logo is verified
2023-06-07 13:37:08,658 INFO c.m.u.Log [main] =====================================Verifying Logo Test TEST END=========================================
2023-06-07 13:37:20,822 INFO c.m.u.Log [main] =====================================Verify Title TEST START=========================================
2023-06-07 13:37:20,861 INFO c.m.u.Log [main] Title is verified
2023-06-07 13:37:20,862 INFO c.m.u.Log [main] =====================================Verify Title TEST END=========================================
2023-06-07 13:40:51,066 INFO c.m.u.Log [main] =====================================Login test TEST START=========================================
2023-06-07 13:40:51,199 INFO c.m.u.Log [main] user is going to click on sign in
2023-06-07 13:40:53,352 INFO c.m.u.Log [main] Enter username and password
2023-06-07 13:41:07,641 INFO c.m.u.Log [main] Verifying if user is able to login
2023-06-07 13:41:07,648 INFO c.m.u.Log [main] Login is success
2023-06-07 13:41:07,649 INFO c.m.u.Log [main] =====================================Login test TEST END=========================================
2023-06-07 13:41:24,859 INFO c.m.u.Log [main] =====================================Login test TEST START=========================================
2023-06-07 13:41:24,863 INFO c.m.u.Log [main] user is going to click on sign in
2023-06-07 13:41:27,547 INFO c.m.u.Log [main] Enter username and password
2023-06-07 13:41:41,656 INFO c.m.u.Log [main] Verifying if user is able to login
2023-06-07 13:41:57,320 INFO c.m.u.Log [main] =====================================Verifying Logo TEST START=========================================
2023-06-07 13:41:57,565 INFO c.m.u.Log [main] Logo is verified
2023-06-07 13:41:57,566 INFO c.m.u.Log [main] =====================================Verifying Logo Test TEST END=========================================
2023-06-07 13:42:11,675 INFO c.m.u.Log [main] =====================================Verify Title TEST START=========================================
2023-06-07 13:42:11,700 INFO c.m.u.Log [main] Title is verified
2023-06-07 13:42:11,700 INFO c.m.u.Log [main] =====================================Verify Title TEST END=========================================
2023-06-07 13:47:32,605 INFO c.m.u.Log [main] =====================================Login test TEST START=========================================
2023-06-07 13:47:32,821 INFO c.m.u.Log [main] user is going to click on sign in
2023-06-07 13:47:35,933 INFO c.m.u.Log [main] Enter username and password
2023-06-07 13:47:51,260 INFO c.m.u.Log [main] Verifying if user is able to login
2023-06-07 13:47:51,265 INFO c.m.u.Log [main] Login is success
2023-06-07 13:47:51,265 INFO c.m.u.Log [main] =====================================Login test TEST END=========================================
2023-06-07 13:48:03,999 INFO c.m.u.Log [main] =====================================Login test TEST START=========================================
2023-06-07 13:48:04,004 INFO c.m.u.Log [main] user is going to click on sign in
2023-06-07 13:48:06,265 INFO c.m.u.Log [main] Enter username and password
2023-06-07 13:48:20,303 INFO c.m.u.Log [main] Verifying if user is able to login
2023-06-07 13:48:35,197 INFO c.m.u.Log [main] =====================================Verify Account Creation test TEST START=========================================
2023-06-07 13:48:35,201 INFO c.m.u.Log [main] User is going to click on SignIn link
2023-06-07 13:48:43,139 INFO c.m.u.Log [main] User is going to enter email Id
2023-06-07 13:48:53,489 INFO c.m.u.Log [main] =====================================Verify Account Creation Test TEST END=========================================
2023-06-07 13:49:09,365 INFO c.m.u.Log [main] =====================================Verifying Logo TEST START=========================================
2023-06-07 13:49:09,643 INFO c.m.u.Log [main] Logo is verified
2023-06-07 13:49:09,644 INFO c.m.u.Log [main] =====================================Verifying Logo Test TEST END=========================================
2023-06-07 13:49:21,905 INFO c.m.u.Log [main] =====================================Verify Title TEST START=========================================
2023-06-07 13:49:21,922 INFO c.m.u.Log [main] Title is verified
2023-06-07 13:49:21,923 INFO c.m.u.Log [main] =====================================Verify Title TEST END=========================================
2023-06-07 14:34:50,500 INFO c.m.u.Log [main] =====================================Login test TEST START=========================================
2023-06-07 14:34:50,673 INFO c.m.u.Log [main] user is going to click on sign in
2023-06-07 14:34:56,360 INFO c.m.u.Log [main] Enter username and password
2023-06-07 14:35:12,199 INFO c.m.u.Log [main] Verifying if user is able to login
2023-06-07 14:35:12,234 INFO c.m.u.Log [main] Login is success
2023-06-07 14:35:12,247 INFO c.m.u.Log [main] =====================================Login test TEST END=========================================
2023-06-07 14:35:31,724 INFO c.m.u.Log [main] =====================================Login test TEST START=========================================
2023-06-07 14:35:31,733 INFO c.m.u.Log [main] user is going to click on sign in
2023-06-07 14:35:35,037 INFO c.m.u.Log [main] Enter username and password
2023-06-07 14:35:52,255 INFO c.m.u.Log [main] Verifying if user is able to login
2023-06-07 14:36:24,749 INFO c.m.u.Log [main] =====================================Verify Account Creation test TEST START=========================================
2023-06-07 14:36:24,779 INFO c.m.u.Log [main] User is going to click on SignIn link
2023-06-07 14:36:32,860 INFO c.m.u.Log [main] User is going to enter email Id
2023-06-07 14:36:43,838 INFO c.m.u.Log [main] =====================================Verify Account Creation Test TEST END=========================================
2023-06-07 14:37:02,256 INFO c.m.u.Log [main] =====================================Verifying Logo TEST START=========================================
2023-06-07 14:37:02,844 INFO c.m.u.Log [main] Logo is verified
2023-06-07 14:37:02,844 INFO c.m.u.Log [main] =====================================Verifying Logo Test TEST END=========================================
2023-06-07 14:37:17,850 INFO c.m.u.Log [main] =====================================Verify Title TEST START=========================================
2023-06-07 14:37:17,884 INFO c.m.u.Log [main] Title is verified
2023-06-07 14:37:17,885 INFO c.m.u.Log [main] =====================================Verify Title TEST END=========================================
2023-06-12 08:58:40,288 INFO c.m.u.Log [main] =====================================Login test TEST START=========================================
2023-06-12 08:58:40,327 INFO c.m.u.Log [main] user is going to click on sign in
2023-06-12 08:58:42,378 INFO c.m.u.Log [main] Enter username and password
2023-06-12 08:58:54,578 INFO c.m.u.Log [main] Verifying if user is able to login
2023-06-12 08:58:54,580 INFO c.m.u.Log [main] Login is success
2023-06-12 08:58:54,580 INFO c.m.u.Log [main] =====================================Login test TEST END=========================================
2023-06-12 08:59:06,606 INFO c.m.u.Log [main] =====================================Login test TEST START=========================================
2023-06-12 08:59:06,608 INFO c.m.u.Log [main] user is going to click on sign in
2023-06-12 08:59:08,440 INFO c.m.u.Log [main] Enter username and password
2023-06-12 08:59:20,246 INFO c.m.u.Log [main] Verifying if user is able to login
2023-06-11 23:25:52,614 INFO c.m.u.Log [main] =====================================Login test TEST START=========================================
2023-06-11 23:25:52,684 INFO c.m.u.Log [main] user is going to click on sign in
2023-06-11 23:25:54,521 INFO c.m.u.Log [main] Enter username and password
2023-06-11 23:26:07,191 INFO c.m.u.Log [main] Verifying if user is able to login
2023-06-11 23:26:07,201 INFO c.m.u.Log [main] Login is success
2023-06-11 23:26:07,201 INFO c.m.u.Log [main] =====================================Login test TEST END=========================================
2023-06-11 23:26:22,414 INFO c.m.u.Log [main] =====================================Login test TEST START=========================================
2023-06-11 23:26:22,415 INFO c.m.u.Log [main] user is going to click on sign in
2023-06-11 23:26:24,365 INFO c.m.u.Log [main] Enter username and password
2023-06-11 23:26:35,933 INFO c.m.u.Log [main] Verifying if user is able to login
2023-06-11 23:26:50,840 INFO c.m.u.Log [main] =====================================Verify Account Creation test TEST START=========================================
2023-06-11 23:26:50,849 INFO c.m.u.Log [main] User is going to click on SignIn link
2023-06-11 23:26:57,602 INFO c.m.u.Log [main] User is going to enter email Id
2023-06-11 23:27:06,224 INFO c.m.u.Log [main] =====================================Verify Account Creation Test TEST END=========================================
2023-06-11 23:27:18,173 INFO c.m.u.Log [main] =====================================Verifying Logo TEST START=========================================
2023-06-11 23:27:18,380 INFO c.m.u.Log [main] Logo is verified
2023-06-11 23:27:18,380 INFO c.m.u.Log [main] =====================================Verifying Logo Test TEST END=========================================
2023-06-11 23:27:31,580 INFO c.m.u.Log [main] =====================================Verify Title TEST START=========================================
2023-06-11 23:27:31,611 INFO c.m.u.Log [main] Title is verified
2023-06-11 23:27:31,612 INFO c.m.u.Log [main] =====================================Verify Title TEST END=========================================
2023-06-12 11:41:43,950 INFO c.m.u.Log [main] =====================================Login test TEST START=========================================
2023-06-12 11:41:44,012 INFO c.m.u.Log [main] user is going to click on sign in
2023-06-12 11:41:45,388 INFO c.m.u.Log [main] Enter username and password
2023-06-12 11:41:57,356 INFO c.m.u.Log [main] Verifying if user is able to login
2023-06-12 11:41:57,361 INFO c.m.u.Log [main] Login is success
2023-06-12 11:41:57,362 INFO c.m.u.Log [main] =====================================Login test TEST END=========================================
2023-06-12 11:42:05,528 INFO c.m.u.Log [main] =====================================Login test TEST START=========================================
2023-06-12 11:42:05,531 INFO c.m.u.Log [main] user is going to click on sign in
2023-06-12 11:42:06,977 INFO c.m.u.Log [main] Enter username and password
2023-06-12 11:42:18,337 INFO c.m.u.Log [main] Verifying if user is able to login
2023-06-12 11:43:10,998 INFO c.m.u.Log [main] =====================================Login test TEST START=========================================
2023-06-12 11:43:11,045 INFO c.m.u.Log [main] user is going to click on sign in
2023-06-12 11:43:12,421 INFO c.m.u.Log [main] Enter username and password
2023-06-12 11:43:24,499 INFO c.m.u.Log [main] Verifying if user is able to login
2023-06-12 11:43:24,504 INFO c.m.u.Log [main] Login is success
2023-06-12 11:43:24,505 INFO c.m.u.Log [main] =====================================Login test TEST END=========================================
2023-06-12 11:43:32,216 INFO c.m.u.Log [main] =====================================Login test TEST START=========================================
2023-06-12 11:43:32,220 INFO c.m.u.Log [main] user is going to click on sign in
2023-06-12 11:43:33,604 INFO c.m.u.Log [main] Enter username and password
2023-06-12 11:43:44,908 INFO c.m.u.Log [main] Verifying if user is able to login
2023-06-12 11:43:53,151 INFO c.m.u.Log [main] =====================================Verify Account Creation test TEST START=========================================
2023-06-12 11:43:53,160 INFO c.m.u.Log [main] User is going to click on SignIn link
2023-06-12 11:43:59,785 INFO c.m.u.Log [main] User is going to enter email Id
2023-06-12 11:44:08,428 INFO c.m.u.Log [main] =====================================Verify Account Creation Test TEST END=========================================
2023-06-12 11:44:15,903 INFO c.m.u.Log [main] =====================================Verifying Logo TEST START=========================================
2023-06-12 11:44:16,046 INFO c.m.u.Log [main] Logo is verified
2023-06-12 11:44:16,046 INFO c.m.u.Log [main] =====================================Verifying Logo Test TEST END=========================================
2023-06-12 11:44:23,820 INFO c.m.u.Log [main] =====================================Verify Title TEST START=========================================
2023-06-12 11:44:23,837 INFO c.m.u.Log [main] Title is verified
2023-06-12 11:44:23,837 INFO c.m.u.Log [main] =====================================Verify Title TEST END=========================================
2023-06-12 11:57:27,303 INFO c.m.u.Log [main] =====================================Login test TEST START=========================================
2023-06-12 11:57:27,349 INFO c.m.u.Log [main] user is going to click on sign in
2023-06-12 11:57:28,955 INFO c.m.u.Log [main] Enter username and password
2023-06-12 11:57:41,779 INFO c.m.u.Log [main] Verifying if user is able to login
2023-06-12 11:57:41,784 INFO c.m.u.Log [main] Login is success
2023-06-12 11:57:41,784 INFO c.m.u.Log [main] =====================================Login test TEST END=========================================
2023-06-12 11:57:49,669 INFO c.m.u.Log [main] =====================================Login test TEST START=========================================
2023-06-12 11:57:49,673 INFO c.m.u.Log [main] user is going to click on sign in
2023-06-12 11:57:51,032 INFO c.m.u.Log [main] Enter username and password
2023-06-12 11:58:02,650 INFO c.m.u.Log [main] Verifying if user is able to login
2023-06-12 12:02:58,237 INFO c.m.u.Log [main] =====================================Login test TEST START=========================================
2023-06-12 12:02:58,287 INFO c.m.u.Log [main] user is going to click on sign in
2023-06-12 12:02:59,605 INFO c.m.u.Log [main] Enter username and password
2023-06-12 12:03:11,651 INFO c.m.u.Log [main] Verifying if user is able to login
2023-06-12 12:03:11,654 INFO c.m.u.Log [main] Login is success
2023-06-12 12:03:11,654 INFO c.m.u.Log [main] =====================================Login test TEST END=========================================
2023-06-12 12:03:18,926 INFO c.m.u.Log [main] =====================================Login test TEST START=========================================
2023-06-12 12:03:18,928 INFO c.m.u.Log [main] user is going to click on sign in
2023-06-12 17:25:15,956 INFO c.m.u.Log [main] =====================================Login test TEST START=========================================
2023-06-12 17:25:15,996 INFO c.m.u.Log [main] user is going to click on sign in
2023-06-12 17:25:18,006 INFO c.m.u.Log [main] Enter username and password
2023-06-12 17:25:30,702 INFO c.m.u.Log [main] Verifying if user is able to login
2023-06-12 17:25:30,709 INFO c.m.u.Log [main] Login is success
2023-06-12 17:25:30,709 INFO c.m.u.Log [main] =====================================Login test TEST END=========================================
2023-06-12 17:25:45,147 INFO c.m.u.Log [main] =====================================Login test TEST START=========================================
2023-06-12 17:25:45,150 INFO c.m.u.Log [main] user is going to click on sign in
2023-06-12 17:25:47,209 INFO c.m.u.Log [main] Enter username and password
2023-06-12 17:25:58,894 INFO c.m.u.Log [main] Verifying if user is able to login
2023-06-12 17:29:39,158 INFO c.m.u.Log [main] =====================================Login test TEST START=========================================
2023-06-12 17:29:39,211 INFO c.m.u.Log [main] user is going to click on sign in
2023-06-12 17:29:41,196 INFO c.m.u.Log [main] Enter username and password
2023-06-12 17:29:53,844 INFO c.m.u.Log [main] Verifying if user is able to login
2023-06-12 17:29:53,846 INFO c.m.u.Log [main] Login is success
2023-06-12 17:29:53,846 INFO c.m.u.Log [main] =====================================Login test TEST END=========================================
2023-06-12 17:30:07,768 INFO c.m.u.Log [main] =====================================Login test TEST START=========================================
2023-06-12 17:30:07,771 INFO c.m.u.Log [main] user is going to click on sign in
2023-06-12 17:30:10,349 INFO c.m.u.Log [main] Enter username and password
2023-06-12 17:30:21,813 INFO c.m.u.Log [main] Verifying if user is able to login
2023-06-14 16:54:59,740 INFO c.m.u.Log [main] =====================================New Account Creation test TEST START=========================================
2023-06-14 16:54:59,791 INFO c.m.u.Log [main] User is going to click on SignIn link
2023-06-14 16:55:06,618 INFO c.m.u.Log [main] User is going to enter email Id
2023-06-14 16:56:23,080 INFO c.m.u.Log [main] =====================================New Account Creation test TEST START=========================================
2023-06-14 16:56:23,094 INFO c.m.u.Log [main] User is going to click on SignIn link
2023-06-14 16:56:29,540 INFO c.m.u.Log [main] User is going to enter email Id
2023-06-14 16:57:45,540 INFO c.m.u.Log [main] =====================================New Account Creation test TEST START=========================================
2023-06-14 16:57:45,545 INFO c.m.u.Log [main] User is going to click on SignIn link
2023-06-14 16:57:52,100 INFO c.m.u.Log [main] User is going to enter email Id
2023-06-14 17:00:42,044 INFO c.m.u.Log [main] =====================================New Account Creation test TEST START=========================================
2023-06-14 17:00:42,088 INFO c.m.u.Log [main] User is going to click on SignIn link
2023-06-14 17:00:43,511 INFO c.m.u.Log [main] User is going to enter email Id
2023-06-14 17:02:02,689 INFO c.m.u.Log [main] =====================================New Account Creation test TEST START=========================================
2023-06-14 17:02:02,692 INFO c.m.u.Log [main] User is going to click on SignIn link
2023-06-14 17:02:04,296 INFO c.m.u.Log [main] User is going to enter email Id
2023-06-14 17:03:21,453 INFO c.m.u.Log [main] =====================================New Account Creation test TEST START=========================================
2023-06-14 17:03:21,466 INFO c.m.u.Log [main] User is going to click on SignIn link
2023-06-14 17:03:22,926 INFO c.m.u.Log [main] User is going to enter email Id
2023-06-14 17:04:31,972 INFO c.m.u.Log [main] =====================================New Account Creation test TEST START=========================================
2023-06-14 17:04:32,036 INFO c.m.u.Log [main] User is going to click on SignIn link
2023-06-14 17:04:33,529 INFO c.m.u.Log [main] User is going to enter email Id
2023-06-14 17:05:47,414 INFO c.m.u.Log [main] =====================================New Account Creation test TEST START=========================================
2023-06-14 17:05:47,414 INFO c.m.u.Log [main] User is going to click on SignIn link
2023-06-14 17:05:49,062 INFO c.m.u.Log [main] User is going to enter email Id
2023-06-14 17:07:01,831 INFO c.m.u.Log [main] =====================================New Account Creation test TEST START=========================================
2023-06-14 17:07:01,844 INFO c.m.u.Log [main] User is going to click on SignIn link
2023-06-14 17:07:04,305 INFO c.m.u.Log [main] User is going to enter email Id
2023-06-14 17:08:36,929 INFO c.m.u.Log [main] =====================================New Account Creation test TEST START=========================================
2023-06-14 17:08:36,990 INFO c.m.u.Log [main] User is going to click on SignIn link
2023-06-14 17:08:38,648 INFO c.m.u.Log [main] User is going to enter email Id
2023-06-14 17:09:50,215 INFO c.m.u.Log [main] =====================================New Account Creation test TEST START=========================================
2023-06-14 17:09:50,218 INFO c.m.u.Log [main] User is going to click on SignIn link
2023-06-14 17:09:51,586 INFO c.m.u.Log [main] User is going to enter email Id
2023-06-14 17:11:03,088 INFO c.m.u.Log [main] =====================================New Account Creation test TEST START=========================================
2023-06-14 17:11:03,095 INFO c.m.u.Log [main] User is going to click on SignIn link
2023-06-14 17:15:37,828 INFO c.m.u.Log [main] =====================================New Account Creation test TEST START=========================================
2023-06-14 17:15:37,871 INFO c.m.u.Log [main] User is going to click on SignIn link
2023-06-14 17:15:39,278 INFO c.m.u.Log [main] User is going to enter email Id
2023-06-14 17:16:51,424 INFO c.m.u.Log [main] =====================================New Account Creation test TEST START=========================================
2023-06-14 17:16:51,432 INFO c.m.u.Log [main] User is going to click on SignIn link
2023-06-14 17:16:52,733 INFO c.m.u.Log [main] User is going to enter email Id
2023-06-14 17:18:01,226 INFO c.m.u.Log [main] =====================================New Account Creation test TEST START=========================================
2023-06-14 17:18:01,226 INFO c.m.u.Log [main] User is going to click on SignIn link
2023-06-14 17:18:02,826 INFO c.m.u.Log [main] User is going to enter email Id
2023-06-14 17:22:36,102 INFO c.m.u.Log [main] =====================================New Account Creation test TEST START=========================================
2023-06-14 17:22:36,149 INFO c.m.u.Log [main] User is going to click on SignIn link
2023-06-14 17:22:37,598 INFO c.m.u.Log [main] User is going to enter email Id
2023-06-14 17:23:49,270 INFO c.m.u.Log [main] =====================================New Account Creation test TEST START=========================================
2023-06-14 17:23:49,275 INFO c.m.u.Log [main] User is going to click on SignIn link
2023-06-14 17:24:22,170 INFO c.m.u.Log [main] =====================================New Account Creation test TEST START=========================================
2023-06-14 17:24:22,217 INFO c.m.u.Log [main] User is going to click on SignIn link
2023-06-14 17:24:23,648 INFO c.m.u.Log [main] User is going to enter email Id
2023-06-14 17:24:57,555 INFO c.m.u.Log [main] =====================================New Account Creation test TEST START=========================================
2023-06-14 17:24:57,560 INFO c.m.u.Log [main] User is going to click on SignIn link
2023-06-14 17:24:59,513 INFO c.m.u.Log [main] User is going to enter email Id
2023-06-14 17:25:34,886 INFO c.m.u.Log [main] =====================================New Account Creation test TEST START=========================================
2023-06-14 17:25:34,886 INFO c.m.u.Log [main] User is going to click on SignIn link
2023-06-14 17:25:36,679 INFO c.m.u.Log [main] User is going to enter email Id
2023-06-14 17:30:12,087 INFO c.m.u.Log [main] =====================================New Account Creation test TEST START=========================================
2023-06-14 17:30:12,158 INFO c.m.u.Log [main] User is going to click on SignIn link
2023-06-14 17:30:13,692 INFO c.m.u.Log [main] User is going to enter email Id
2023-06-14 17:31:26,499 INFO c.m.u.Log [main] =====================================New Account Creation test TEST START=========================================
2023-06-14 17:31:26,503 INFO c.m.u.Log [main] User is going to click on SignIn link
2023-06-14 17:35:26,915 INFO c.m.u.Log [main] =====================================New Account Creation test TEST START=========================================
2023-06-14 17:35:26,962 INFO c.m.u.Log [main] User is going to click on SignIn link
2023-06-14 17:35:28,429 INFO c.m.u.Log [main] User is going to enter email Id
2023-06-14 17:36:21,696 INFO c.m.u.Log [main] =====================================New Account Creation test TEST START=========================================
2023-06-14 17:36:21,800 INFO c.m.u.Log [main] User is going to click on SignIn link
2023-06-14 17:36:23,395 INFO c.m.u.Log [main] User is going to enter email Id
2023-06-14 17:36:42,370 INFO c.m.u.Log [main] =====================================New Account Creation test TEST START=========================================
2023-06-14 17:36:42,370 INFO c.m.u.Log [main] User is going to click on SignIn link
2023-06-14 17:36:43,901 INFO c.m.u.Log [main] User is going to enter email Id
2023-06-14 17:37:35,991 INFO c.m.u.Log [main] =====================================New Account Creation test TEST START=========================================
2023-06-14 17:37:35,999 INFO c.m.u.Log [main] User is going to click on SignIn link
2023-06-14 17:37:37,499 INFO c.m.u.Log [main] User is going to enter email Id
2023-06-14 17:37:53,853 INFO c.m.u.Log [main] =====================================New Account Creation test TEST START=========================================
2023-06-14 17:37:53,858 INFO c.m.u.Log [main] User is going to click on SignIn link
2023-06-14 17:37:55,248 INFO c.m.u.Log [main] User is going to enter email Id
2023-06-14 17:37:59,493 INFO c.m.u.Log [main] =====================================New Account Creation test TEST START=========================================
2023-06-14 17:37:59,540 INFO c.m.u.Log [main] User is going to click on SignIn link
2023-06-14 17:38:01,217 INFO c.m.u.Log [main] User is going to enter email Id
2023-06-14 17:38:47,763 INFO c.m.u.Log [main] =====================================New Account Creation test TEST START=========================================
2023-06-14 17:38:47,780 INFO c.m.u.Log [main] User is going to click on SignIn link
2023-06-14 17:38:54,219 INFO c.m.u.Log [main] =====================================New Account Creation test TEST START=========================================
2023-06-14 17:38:54,277 INFO c.m.u.Log [main] User is going to click on SignIn link
2023-06-14 17:38:55,863 INFO c.m.u.Log [main] User is going to enter email Id
2023-06-14 17:40:49,376 INFO c.m.u.Log [main] =====================================New Account Creation test TEST START=========================================
2023-06-14 17:40:49,420 INFO c.m.u.Log [main] User is going to click on SignIn link
2023-06-14 17:40:50,846 INFO c.m.u.Log [main] User is going to enter email Id
2023-06-14 20:23:45,612 INFO c.m.u.Log [main] =====================================New Account Creation test TEST START=========================================
2023-06-14 20:23:45,695 INFO c.m.u.Log [main] User is going to click on SignIn link
2023-06-14 20:23:47,227 INFO c.m.u.Log [main] User is going to enter email Id
2023-06-14 20:25:04,207 INFO c.m.u.Log [main] =====================================New Account Creation test TEST START=========================================
2023-06-14 20:25:04,239 INFO c.m.u.Log [main] User is going to click on SignIn link
2023-06-14 20:25:07,174 INFO c.m.u.Log [main] User is going to enter email Id
2023-06-14 20:37:55,560 INFO c.m.u.Log [main] =====================================New Account Creation test TEST START=========================================
2023-06-14 20:37:55,604 INFO c.m.u.Log [main] User is going to click on SignIn link
2023-06-14 20:37:57,464 INFO c.m.u.Log [main] User is going to enter email Id
2023-06-14 20:39:15,062 INFO c.m.u.Log [main] =====================================New Account Creation test TEST START=========================================
2023-06-14 20:39:15,071 INFO c.m.u.Log [main] User is going to click on SignIn link
2023-06-14 20:39:15,272 INFO c.m.u.Log [main] User is going to enter email Id
2023-06-14 20:44:57,076 INFO c.m.u.Log [main] =====================================New Account Creation test TEST START=========================================
2023-06-14 20:44:57,123 INFO c.m.u.Log [main] User is going to click on SignIn link
2023-06-14 20:44:58,822 INFO c.m.u.Log [main] User is going to enter email Id
2023-06-14 20:46:16,125 INFO c.m.u.Log [main] =====================================New Account Creation test TEST START=========================================
2023-06-14 20:46:16,145 INFO c.m.u.Log [main] User is going to click on SignIn link
2023-06-14 20:46:18,928 INFO c.m.u.Log [main] User is going to enter email Id
2023-06-14 20:47:31,517 INFO c.m.u.Log [main] =====================================New Account Creation test TEST START=========================================
2023-06-14 20:47:31,526 INFO c.m.u.Log [main] User is going to click on SignIn link
2023-06-14 20:47:33,399 INFO c.m.u.Log [main] User is going to enter email Id
2023-06-14 22:27:24,085 INFO c.m.u.Log [main] =====================================New Account Creation test TEST START=========================================
2023-06-14 22:27:24,134 INFO c.m.u.Log [main] User is going to click on SignIn link
2023-06-14 22:27:26,300 INFO c.m.u.Log [main] User is going to enter email Id
2023-06-14 22:28:46,931 INFO c.m.u.Log [main] =====================================New Account Creation test TEST START=========================================
2023-06-14 22:28:46,949 INFO c.m.u.Log [main] User is going to click on SignIn link
2023-06-14 22:39:21,897 INFO c.m.u.Log [main] =====================================New Account Creation test TEST START=========================================
2023-06-14 22:39:21,956 INFO c.m.u.Log [main] User is going to click on SignIn link
2023-06-14 22:39:23,920 INFO c.m.u.Log [main] User is going to enter email Id
2023-06-14 22:42:32,089 INFO c.m.u.Log [main] =====================================New Account Creation test TEST START=========================================
2023-06-14 22:42:32,167 INFO c.m.u.Log [main] User is going to click on SignIn link
2023-06-14 22:42:34,051 INFO c.m.u.Log [main] User is going to enter email Id
2023-06-14 22:49:22,727 INFO c.m.u.Log [main] =====================================New Account Creation test TEST START=========================================
2023-06-14 22:49:22,795 INFO c.m.u.Log [main] User is going to click on SignIn link
2023-06-14 22:49:24,883 INFO c.m.u.Log [main] User is going to enter email Id
2023-06-14 22:50:40,452 INFO c.m.u.Log [main] =====================================New Account Creation test TEST START=========================================
2023-06-14 22:50:40,456 INFO c.m.u.Log [main] User is going to click on SignIn link
2023-06-14 22:50:42,017 INFO c.m.u.Log [main] User is going to enter email Id
2023-06-14 22:51:57,468 INFO c.m.u.Log [main] =====================================New Account Creation test TEST START=========================================
2023-06-14 22:51:57,479 INFO c.m.u.Log [main] User is going to click on SignIn link
2023-06-14 22:52:39,148 INFO c.m.u.Log [main] =====================================New Account Creation test TEST START=========================================
2023-06-14 22:52:39,236 INFO c.m.u.Log [main] User is going to click on SignIn link
2023-06-14 22:52:40,726 INFO c.m.u.Log [main] User is going to enter email Id
2023-06-14 22:55:34,477 INFO c.m.u.Log [main] =====================================New Account Creation test TEST START=========================================
2023-06-14 22:55:34,524 INFO c.m.u.Log [main] User is going to click on SignIn link
2023-06-14 22:55:36,401 INFO c.m.u.Log [main] User is going to enter email Id
2023-06-14 23:08:01,941 INFO c.m.u.Log [main] =====================================New Account Creation test TEST START=========================================
2023-06-14 23:08:01,987 INFO c.m.u.Log [main] User is going to click on SignIn link
2023-06-14 23:08:03,637 INFO c.m.u.Log [main] User is going to enter email Id
2023-06-14 23:10:42,902 INFO c.m.u.Log [main] =====================================New Account Creation test TEST START=========================================
2023-06-14 23:10:42,962 INFO c.m.u.Log [main] User is going to click on SignIn link
2023-06-14 23:10:44,990 INFO c.m.u.Log [main] User is going to enter email Id
2023-06-14 23:12:23,460 INFO c.m.u.Log [main] =====================================New Account Creation test TEST START=========================================
2023-06-14 23:12:23,526 INFO c.m.u.Log [main] User is going to click on SignIn link
2023-06-14 23:12:25,398 INFO c.m.u.Log [main] User is going to enter email Id
2023-06-14 23:13:14,712 INFO c.m.u.Log [main] =====================================New Account Creation test TEST START=========================================
2023-06-14 23:13:14,725 INFO c.m.u.Log [main] User is going to click on SignIn link
2023-06-14 23:13:17,553 INFO c.m.u.Log [main] User is going to enter email Id
2023-06-14 23:13:42,599 INFO c.m.u.Log [main] =====================================New Account Creation test TEST START=========================================
2023-06-14 23:13:42,607 INFO c.m.u.Log [main] User is going to click on SignIn link
2023-06-14 23:13:44,717 INFO c.m.u.Log [main] User is going to enter email Id
2023-06-14 23:19:32,193 INFO c.m.u.Log [main] =====================================New Account Creation test TEST START=========================================
2023-06-14 23:19:32,305 INFO c.m.u.Log [main] User is going to click on SignIn link
2023-06-14 23:19:35,728 INFO c.m.u.Log [main] User is going to enter email Id
2023-06-14 23:20:32,086 INFO c.m.u.Log [main] =====================================New Account Creation test TEST START=========================================
2023-06-14 23:20:32,132 INFO c.m.u.Log [main] User is going to click on SignIn link
2023-06-14 23:20:34,128 INFO c.m.u.Log [main] User is going to enter email Id
2023-06-14 23:20:46,163 INFO c.m.u.Log [main] =====================================New Account Creation test TEST START=========================================
2023-06-14 23:20:46,163 INFO c.m.u.Log [main] User is going to click on SignIn link
2023-06-14 23:20:48,499 INFO c.m.u.Log [main] User is going to enter email Id
2023-06-14 23:21:03,971 INFO c.m.u.Log [main] =====================================New Account Creation test TEST START=========================================
2023-06-14 23:21:03,995 INFO c.m.u.Log [main] User is going to click on SignIn link
2023-06-14 23:21:06,219 INFO c.m.u.Log [main] User is going to enter email Id
2023-06-14 23:21:31,472 INFO c.m.u.Log [main] =====================================New Account Creation test TEST START=========================================
2023-06-14 23:21:31,472 INFO c.m.u.Log [main] User is going to click on SignIn link
2023-06-14 23:21:33,382 INFO c.m.u.Log [main] User is going to enter email Id
2023-06-14 23:24:44,842 INFO c.m.u.Log [main] =====================================New Account Creation test TEST START=========================================
2023-06-14 23:24:44,908 INFO c.m.u.Log [main] User is going to click on SignIn link
2023-06-14 23:24:46,874 INFO c.m.u.Log [main] User is going to enter email Id
2023-06-14 23:25:43,248 INFO c.m.u.Log [main] =====================================New Account Creation test TEST START=========================================
2023-06-14 23:25:43,316 INFO c.m.u.Log [main] User is going to click on SignIn link
2023-06-14 23:25:45,302 INFO c.m.u.Log [main] User is going to enter email Id
2023-06-14 23:25:58,991 INFO c.m.u.Log [main] =====================================New Account Creation test TEST START=========================================
2023-06-14 23:25:58,991 INFO c.m.u.Log [main] User is going to click on SignIn link
2023-06-14 23:26:01,019 INFO c.m.u.Log [main] User is going to enter email Id
2023-06-14 23:27:03,994 INFO c.m.u.Log [main] =====================================New Account Creation test TEST START=========================================
2023-06-14 23:27:04,056 INFO c.m.u.Log [main] User is going to click on SignIn link
2023-06-14 23:27:07,296 INFO c.m.u.Log [main] User is going to enter email Id
2023-06-14 23:27:17,801 INFO c.m.u.Log [main] =====================================New Account Creation test TEST START=========================================
2023-06-14 23:27:17,807 INFO c.m.u.Log [main] User is going to click on SignIn link
2023-06-14 23:27:19,544 INFO c.m.u.Log [main] User is going to enter email Id
2023-06-14 23:28:07,164 INFO c.m.u.Log [main] =====================================New Account Creation test TEST START=========================================
2023-06-14 23:28:07,218 INFO c.m.u.Log [main] User is going to click on SignIn link
2023-06-14 23:28:09,304 INFO c.m.u.Log [main] User is going to enter email Id
2023-06-14 23:28:25,740 INFO c.m.u.Log [main] =====================================New Account Creation test TEST START=========================================
2023-06-14 23:28:25,740 INFO c.m.u.Log [main] User is going to click on SignIn link
2023-06-14 23:28:27,409 INFO c.m.u.Log [main] User is going to enter email Id
2023-06-14 23:29:37,800 INFO c.m.u.Log [main] =====================================New Account Creation test TEST START=========================================
2023-06-14 23:29:37,815 INFO c.m.u.Log [main] User is going to click on SignIn link
2023-06-14 23:29:41,487 INFO c.m.u.Log [main] User is going to enter email Id
2023-06-14 23:32:35,155 INFO c.m.u.Log [main] =====================================New Account Creation test TEST START=========================================
2023-06-14 23:32:35,210 INFO c.m.u.Log [main] User is going to click on SignIn link
2023-06-14 23:32:37,192 INFO c.m.u.Log [main] User is going to enter email Id
2023-06-14 23:33:07,409 INFO c.m.u.Log [main] =====================================New Account Creation test TEST START=========================================
2023-06-14 23:33:07,416 INFO c.m.u.Log [main] User is going to click on SignIn link
2023-06-14 23:33:14,906 INFO c.m.u.Log [main] User is going to enter email Id
2023-06-14 23:35:30,770 INFO c.m.u.Log [main] =====================================New Account Creation test TEST START=========================================
2023-06-14 23:35:30,837 INFO c.m.u.Log [main] User is going to click on SignIn link
2023-06-14 23:35:32,370 INFO c.m.u.Log [main] User is going to enter email Id
2023-06-14 23:35:58,181 INFO c.m.u.Log [main] =====================================New Account Creation test TEST START=========================================
2023-06-14 23:35:58,193 INFO c.m.u.Log [main] User is going to click on SignIn link
2023-06-14 23:36:00,054 INFO c.m.u.Log [main] User is going to enter email Id
2023-06-14 23:43:14,180 INFO c.m.u.Log [main] =====================================New Account Creation test TEST START=========================================
2023-06-14 23:43:14,250 INFO c.m.u.Log [main] User is going to click on SignIn link
2023-06-14 23:43:16,590 INFO c.m.u.Log [main] User is going to enter email Id
2023-06-14 23:43:47,851 INFO c.m.u.Log [main] =====================================New Account Creation test TEST START=========================================
2023-06-14 23:43:47,860 INFO c.m.u.Log [main] User is going to click on SignIn link
2023-06-14 23:43:49,631 INFO c.m.u.Log [main] User is going to enter email Id
2023-06-14 23:44:14,815 INFO c.m.u.Log [main] =====================================New Account Creation test TEST START=========================================
2023-06-14 23:44:14,822 INFO c.m.u.Log [main] User is going to click on SignIn link
2023-06-14 23:44:17,003 INFO c.m.u.Log [main] User is going to enter email Id
2023-06-14 23:52:02,732 INFO c.m.u.Log [main] =====================================New Account Creation test TEST START=========================================
2023-06-14 23:52:02,798 INFO c.m.u.Log [main] User is going to click on SignIn link
2023-06-14 23:52:05,605 INFO c.m.u.Log [main] User is going to enter email Id
2023-06-14 23:52:20,924 INFO c.m.u.Log [main] =====================================New Account Creation Test TEST END=========================================
2023-06-14 23:52:34,390 INFO c.m.u.Log [main] =====================================New Account Creation test TEST START=========================================
2023-06-14 23:52:34,404 INFO c.m.u.Log [main] User is going to click on SignIn link
2023-06-14 23:52:36,407 INFO c.m.u.Log [main] User is going to enter email Id
2023-06-14 23:52:50,981 INFO c.m.u.Log [main] =====================================New Account Creation Test TEST END=========================================
2023-06-14 23:53:06,138 INFO c.m.u.Log [main] =====================================New Account Creation test TEST START=========================================
2023-06-14 23:53:06,143 INFO c.m.u.Log [main] User is going to click on SignIn link
2023-06-14 23:53:08,156 INFO c.m.u.Log [main] User is going to enter email Id
2023-06-14 23:53:22,858 INFO c.m.u.Log [main] =====================================New Account Creation Test TEST END=========================================
